<?xml version="1.0" encoding="UTF-8"?>
<testsuite name="com.test.MatrixMathematicsTest" tests="4" skipped="0" failures="0" errors="0" timestamp="2019-12-15T10:36:40" hostname="DESKTOP-N7BA7UE" time="0.025">
  <properties/>
  <testcase name="testDeterminant" classname="com.test.MatrixMathematicsTest" time="0.01"/>
  <testcase name="testCofactor" classname="com.test.MatrixMathematicsTest" time="0.007"/>
  <testcase name="testInverse" classname="com.test.MatrixMathematicsTest" time="0.001"/>
  <testcase name="testTranspose" classname="com.test.MatrixMathematicsTest" time="0.002"/>
  <system-out><![CDATA[]]></system-out>
  <system-err><![CDATA[]]></system-err>
</testsuite>
