<?xml version="1.0" encoding="UTF-8"?>
<testsuite name="com.test.MatrixMathematicsTest" tests="4" skipped="0" failures="0" errors="0" timestamp="2020-01-25T21:36:57" hostname="DESKTOP-N7BA7UE" time="0.064">
  <properties/>
  <testcase name="testDeterminant" classname="com.test.MatrixMathematicsTest" time="0.043"/>
  <testcase name="testCofactor" classname="com.test.MatrixMathematicsTest" time="0.012"/>
  <testcase name="testInverse" classname="com.test.MatrixMathematicsTest" time="0.003"/>
  <testcase name="testTranspose" classname="com.test.MatrixMathematicsTest" time="0.001"/>
  <system-out><![CDATA[]]></system-out>
  <system-err><![CDATA[]]></system-err>
</testsuite>
